[debug] [2024-01-20T09:42:16.948Z] ----------------------------------------------------------------------
[debug] [2024-01-20T09:42:16.951Z] Command:       C:\Program Files\nodejs\node.exe C:\Users\lenovo\AppData\Roaming\npm\node_modules\firebase-tools\lib\bin\firebase.js init
[debug] [2024-01-20T09:42:16.951Z] CLI Version:   13.0.3
[debug] [2024-01-20T09:42:16.951Z] Platform:      win32
[debug] [2024-01-20T09:42:16.952Z] Node Version:  v20.8.0
[debug] [2024-01-20T09:42:16.952Z] Time:          Sat Jan 20 2024 15:12:16 GMT+0530 (India Standard Time)
[debug] [2024-01-20T09:42:16.952Z] ----------------------------------------------------------------------
[debug] 
[debug] [2024-01-20T09:42:16.957Z] > command requires scopes: ["email","openid","https://www.googleapis.com/auth/cloudplatformprojects.readonly","https://www.googleapis.com/auth/firebase","https://www.googleapis.com/auth/cloud-platform"]
[debug] [2024-01-20T09:42:16.958Z] > authorizing via signed-in user (jpshukla299@gmail.com)
[info] 
     ######## #### ########  ######## ########     ###     ######  ########
     ##        ##  ##     ## ##       ##     ##  ##   ##  ##       ##
     ######    ##  ########  ######   ########  #########  ######  ######
     ##        ##  ##    ##  ##       ##     ## ##     ##       ## ##
     ##       #### ##     ## ######## ########  ##     ##  ######  ########

You're about to initialize a Firebase project in this directory:

  C:\Users\lenovo\OneDrive\Desktop\js\restro\Black-Pepper

[info] 
=== Project Setup
[info] 
[info] First, let's associate this project directory with a Firebase project.
[info] You can create multiple project aliases by running firebase use --add, 
[info] but for now we'll just set up a default project.
[info] 
[debug] [2024-01-20T09:42:51.531Z] > refreshing access token with scopes: []
[debug] [2024-01-20T09:42:51.532Z] >>> [apiv2][query] POST https://www.googleapis.com/oauth2/v3/token [none]
[debug] [2024-01-20T09:42:51.532Z] >>> [apiv2][body] POST https://www.googleapis.com/oauth2/v3/token [omitted]
[debug] [2024-01-20T09:42:51.786Z] <<< [apiv2][status] POST https://www.googleapis.com/oauth2/v3/token 200
[debug] [2024-01-20T09:42:51.786Z] <<< [apiv2][body] POST https://www.googleapis.com/oauth2/v3/token [omitted]
[debug] [2024-01-20T09:42:51.797Z] >>> [apiv2][query] GET https://firebase.googleapis.com/v1beta1/projects pageSize=100
[debug] [2024-01-20T09:42:52.451Z] <<< [apiv2][status] GET https://firebase.googleapis.com/v1beta1/projects 200
[debug] [2024-01-20T09:42:52.452Z] <<< [apiv2][body] GET https://firebase.googleapis.com/v1beta1/projects [omitted]
[info] i  Using project restro-a24e0 (restro) 
[info] 
=== Hosting Setup
[debug] [2024-01-20T09:42:59.050Z] >>> [apiv2][query] GET https://firebase.googleapis.com/v1beta1/projects/restro-a24e0 [none]
[debug] [2024-01-20T09:42:59.483Z] <<< [apiv2][status] GET https://firebase.googleapis.com/v1beta1/projects/restro-a24e0 200
[debug] [2024-01-20T09:42:59.484Z] <<< [apiv2][body] GET https://firebase.googleapis.com/v1beta1/projects/restro-a24e0 {"projectId":"restro-a24e0","projectNumber":"311705306661","displayName":"restro","name":"projects/restro-a24e0","resources":{"hostingSite":"restro-a24e0"},"state":"ACTIVE","etag":"1_f8408e93-a6f5-4232-9e5f-2edd5c9a2cb0"}
[info] 
[info] Your public directory is the folder (relative to your project directory) that
[info] will contain Hosting assets to be uploaded with firebase deploy. If you
[info] have a build process for your assets, use your build's output directory.
[info] 
[info] +  Wrote public/404.html 
[debug] [2024-01-20T09:43:30.279Z] >>> [apiv2][query] GET https://www.gstatic.com/firebasejs/releases.json [none]
[debug] [2024-01-20T09:43:30.402Z] <<< [apiv2][status] GET https://www.gstatic.com/firebasejs/releases.json 200
[debug] [2024-01-20T09:43:30.402Z] <<< [apiv2][body] GET https://www.gstatic.com/firebasejs/releases.json {"current":{"version":"10.7.2","browserURL":"https://www.gstatic.com/firebasejs/10.7.2/firebase.js","packageURL":"https://www.gstatic.com/firebasejs/10.7.2/firebase.tgz"},"live":{"version":"10.7","browserURL":"https://www.gstatic.com/firebasejs/live/10.7/firebase.js","packageURL":"https://www.gstatic.com/firebasejs/live/10.7/firebase.tgz"},"components":{"analytics":"https://www.gstatic.com/firebasejs/10.7.2/firebase-analytics.js","app":"https://www.gstatic.com/firebasejs/10.7.2/firebase-app.js","app-check":"https://www.gstatic.com/firebasejs/10.7.2/firebase-app-check.js","auth":"https://www.gstatic.com/firebasejs/10.7.2/firebase-auth.js","auth/cordova":"https://www.gstatic.com/firebasejs/10.7.2/firebase-auth/cordova.js","functions":"https://www.gstatic.com/firebasejs/10.7.2/firebase-functions.js","firestore":"https://www.gstatic.com/firebasejs/10.7.2/firebase-firestore.js","firestore/lite":"https://www.gstatic.com/firebasejs/10.7.2/firebase-firestore/lite.js","installations":"https://www.gstatic.com/firebasejs/10.7.2/firebase-installations.js","storage":"https://www.gstatic.com/firebasejs/10.7.2/firebase-storage.js","performance":"https://www.gstatic.com/firebasejs/10.7.2/firebase-performance.js","remote-config":"https://www.gstatic.com/firebasejs/10.7.2/firebase-remote-config.js","messaging":"https://www.gstatic.com/firebasejs/10.7.2/firebase-messaging.js","messaging/sw":"https://www.gstatic.com/firebasejs/10.7.2/firebase-messaging/sw.js","database":"https://www.gstatic.com/firebasejs/10.7.2/firebase-database.js","firestore.memory":"https://www.gstatic.com/firebasejs/10.7.2/firebase-firestore.memory.js"}}
[info] i  Skipping write of public/index.html 
[info] 
[info] i  Detected a .git folder at C:\Users\lenovo\OneDrive\Desktop\js\restro\Black-Pepper 
[info] i  Authorizing with GitHub to upload your service account to a GitHub repository's secrets store. 
[info] 
[info] Visit this URL on this device to log in:
[info] https://github.com/login/oauth/authorize?client_id=89cf50f02ac6aaed3484&state=206808040&redirect_uri=http%3A%2F%2Flocalhost%3A9005&scope=read%3Auser%20repo%20public_repo
[info] 
[info] Waiting for authentication...
[debug] [2024-01-20T09:43:46.378Z] >>> [apiv2][query] POST https://github.com/login/oauth/access_token [none]
[debug] [2024-01-20T09:43:46.379Z] >>> [apiv2][body] POST https://github.com/login/oauth/access_token [stream]
[debug] [2024-01-20T09:43:46.784Z] <<< [apiv2][status] POST https://github.com/login/oauth/access_token 200
[debug] [2024-01-20T09:43:46.785Z] <<< [apiv2][body] POST https://github.com/login/oauth/access_token {"access_token":"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","token_type":"bearer","scope":"read:user,repo"}
[debug] [2024-01-20T09:43:46.793Z] >>> [apiv2][query] GET https://api.github.com/user [none]
[debug] [2024-01-20T09:43:47.284Z] <<< [apiv2][status] GET https://api.github.com/user 200
[debug] [2024-01-20T09:43:47.285Z] <<< [apiv2][body] GET https://api.github.com/user {"login":"jpshukla299","id":102899946,"node_id":"U_kgDOBiIg6g","avatar_url":"https://avatars.githubusercontent.com/u/102899946?v=4","gravatar_id":"","url":"https://api.github.com/users/jpshukla299","html_url":"https://github.com/jpshukla299","followers_url":"https://api.github.com/users/jpshukla299/followers","following_url":"https://api.github.com/users/jpshukla299/following{/other_user}","gists_url":"https://api.github.com/users/jpshukla299/gists{/gist_id}","starred_url":"https://api.github.com/users/jpshukla299/starred{/owner}{/repo}","subscriptions_url":"https://api.github.com/users/jpshukla299/subscriptions","organizations_url":"https://api.github.com/users/jpshukla299/orgs","repos_url":"https://api.github.com/users/jpshukla299/repos","events_url":"https://api.github.com/users/jpshukla299/events{/privacy}","received_events_url":"https://api.github.com/users/jpshukla299/received_events","type":"User","site_admin":false,"name":null,"company":null,"blog":"","location":null,"email":null,"hireable":null,"bio":null,"twitter_username":null,"public_repos":2,"public_gists":0,"followers":0,"following":0,"created_at":"2022-04-03T09:15:55Z","updated_at":"2024-01-20T09:43:43Z","private_gists":0,"total_private_repos":1,"owned_private_repos":1,"disk_usage":19415,"collaborators":0,"two_factor_authentication":false,"plan":{"name":"free","space":976562499,"collaborators":0,"private_repos":10000}}
[info] 
[info] +  Success! Logged into GitHub as jpshukla299 
[info] 
